20:44:40.712 [ApplicationImpl pooled thread 3919] INFO  c.b.l.BrowserStackRunExtension - application
20:44:40.712 [ApplicationImpl pooled thread 3919] INFO  com.browserstack.utils.Helpers - null
20:44:56.848 [ApplicationImpl pooled thread 3921] INFO  c.b.l.BrowserStackRunExtension - application
20:44:56.848 [ApplicationImpl pooled thread 3921] INFO  com.browserstack.utils.Helpers - null
20:45:45.600 [ApplicationImpl pooled thread 3923] INFO  c.b.l.BrowserStackRunExtension - application
20:45:45.600 [ApplicationImpl pooled thread 3923] INFO  com.browserstack.utils.Helpers - null
20:51:24.954 [ApplicationImpl pooled thread 3947] INFO  c.b.l.BrowserStackRunExtension - application
20:51:24.954 [ApplicationImpl pooled thread 3947] INFO  com.browserstack.utils.Helpers - null
20:51:47.466 [AWT-EventQueue-0] INFO  c.b.l.BrowserStackRunExtension - application
20:51:47.466 [AWT-EventQueue-0] INFO  com.browserstack.utils.Helpers - null
21:16:52.383 [ApplicationImpl pooled thread 3960] INFO  c.b.l.BrowserStackRunExtension - application
21:16:52.383 [ApplicationImpl pooled thread 3960] INFO  com.browserstack.utils.Helpers - null
21:19:42.673 [ApplicationImpl pooled thread 3964] INFO  c.b.l.BrowserStackRunExtension - application
21:19:42.673 [ApplicationImpl pooled thread 3964] INFO  com.browserstack.utils.Helpers - null
21:20:00.306 [ApplicationImpl pooled thread 3951] INFO  c.b.l.BrowserStackRunExtension - application
21:20:00.306 [ApplicationImpl pooled thread 3951] INFO  com.browserstack.utils.Helpers - null
21:20:15.000 [ApplicationImpl pooled thread 3962] INFO  c.b.l.BrowserStackRunExtension - application
21:20:15.000 [ApplicationImpl pooled thread 3962] INFO  com.browserstack.utils.Helpers - null
21:20:39.348 [ApplicationImpl pooled thread 3960] INFO  c.b.l.BrowserStackRunExtension - application
21:20:39.348 [ApplicationImpl pooled thread 3960] INFO  com.browserstack.utils.Helpers - null
21:22:15.295 [ApplicationImpl pooled thread 3964] INFO  c.b.l.BrowserStackRunExtension - application
21:22:15.295 [ApplicationImpl pooled thread 3964] INFO  com.browserstack.utils.Helpers - null
21:22:48.866 [ApplicationImpl pooled thread 3962] INFO  c.b.l.BrowserStackRunExtension - application
21:22:48.866 [ApplicationImpl pooled thread 3962] INFO  com.browserstack.utils.Helpers - null
21:23:18.980 [ApplicationImpl pooled thread 3960] INFO  c.b.l.BrowserStackRunExtension - application
21:23:18.980 [ApplicationImpl pooled thread 3960] INFO  com.browserstack.utils.Helpers - null
21:23:42.439 [ApplicationImpl pooled thread 3962] INFO  c.b.l.BrowserStackRunExtension - application
21:23:42.439 [ApplicationImpl pooled thread 3962] INFO  com.browserstack.utils.Helpers - null
21:23:55.835 [ApplicationImpl pooled thread 3960] INFO  c.b.l.BrowserStackRunExtension - application
21:23:55.835 [ApplicationImpl pooled thread 3960] INFO  com.browserstack.utils.Helpers - null
21:24:06.168 [ApplicationImpl pooled thread 3960] INFO  c.b.l.BrowserStackRunExtension - application
21:24:06.168 [ApplicationImpl pooled thread 3960] INFO  com.browserstack.utils.Helpers - null
21:32:05.379 [ApplicationImpl pooled thread 3969] INFO  c.b.l.BrowserStackRunExtension - application
21:32:05.379 [ApplicationImpl pooled thread 3969] INFO  com.browserstack.utils.Helpers - null
21:32:23.472 [ApplicationImpl pooled thread 3951] INFO  c.b.l.BrowserStackRunExtension - application
21:32:23.472 [ApplicationImpl pooled thread 3951] INFO  com.browserstack.utils.Helpers - null
21:32:54.630 [ApplicationImpl pooled thread 3960] INFO  c.b.l.BrowserStackRunExtension - application
21:32:54.630 [ApplicationImpl pooled thread 3960] INFO  com.browserstack.utils.Helpers - null
21:33:22.695 [ApplicationImpl pooled thread 3971] INFO  c.b.l.BrowserStackRunExtension - application
21:33:22.696 [ApplicationImpl pooled thread 3971] INFO  com.browserstack.utils.Helpers - null
21:33:35.618 [ApplicationImpl pooled thread 3971] INFO  c.b.l.BrowserStackRunExtension - application
21:33:35.618 [ApplicationImpl pooled thread 3971] INFO  com.browserstack.utils.Helpers - null
21:39:39.920 [ApplicationImpl pooled thread 3973] INFO  c.b.l.BrowserStackRunExtension - application
21:39:39.920 [ApplicationImpl pooled thread 3973] INFO  com.browserstack.utils.Helpers - null
21:41:45.411 [ApplicationImpl pooled thread 3978] INFO  c.b.l.BrowserStackRunExtension - application
21:41:45.411 [ApplicationImpl pooled thread 3978] INFO  com.browserstack.utils.Helpers - null
21:43:38.861 [ApplicationImpl pooled thread 3976] INFO  c.b.l.BrowserStackRunExtension - application
21:43:38.861 [ApplicationImpl pooled thread 3976] INFO  com.browserstack.utils.Helpers - null
22:56:15.989 [ApplicationImpl pooled thread 76] INFO  c.b.l.BrowserStackRunExtension - junit
22:56:15.990 [ApplicationImpl pooled thread 76] INFO  com.browserstack.utils.Helpers - null
22:56:15.991 [ApplicationImpl pooled thread 76] INFO  c.b.l.BrowserStackRunExtension - Agent path: null
22:58:28.019 [ApplicationImpl pooled thread 77] INFO  c.b.l.BrowserStackRunExtension - junit
22:58:28.019 [ApplicationImpl pooled thread 77] INFO  com.browserstack.utils.Helpers - null
22:58:28.019 [ApplicationImpl pooled thread 77] INFO  c.b.l.BrowserStackRunExtension - Agent path: null
